<?xml version="1.0" encoding="UTF-8"?>
<testsuite name="com.github.fullstacktester.testrail.models.CustomFieldTest" tests="1" skipped="0" failures="0" errors="0" timestamp="2021-07-14T14:27:16" hostname="SBGML02898" time="0.001">
  <properties/>
  <testcase name="nullStepResults()" classname="com.github.fullstacktester.testrail.models.CustomFieldTest" time="0.001"/>
  <system-out><![CDATA[]]></system-out>
  <system-err><![CDATA[]]></system-err>
</testsuite>
